dagbladet/boble.htm
desember/05chat.html
magnet/node.class
magnet/poetry.class
magnet/poetry.html
magnet/poetry02.html
magnet/poetrypanel.class
magnet/popupversjon.html
november/23.html
november/java/naglenes_sang.html
plirk/machine1/sound.class
poet/bobledyr/boble.htm
poet/bobledyr/edge.class
poet/bobledyr/graph.class
poet/bobledyr/graphpanel.class
poet/bobledyr/magi.htm
poet/bobledyr/naglenes_sang.html
poet/bobledyr/naglenes_sang_november.html
poet/bobledyr/node.class
poet/bobledyr/null.htm
poet/bobledyr/pop_boble.html
poet/bobledyr/pop_magi.html
poet/bobledyr/pop_naglesang.html
poet/bobledyr/pop_null.html
poet/marina/boble.htm
