LINK SCAN REPORT
================================================================================

STATISTICS:
  Total HTML files scanned: 1115
  Total links found: 3847
  External links (skipped): 754
  Internal links: 3093
  Working links: 2677
  Dead/broken links: 416

================================================================================

DEAD LINK REFERENCES:


albuebilder/antologier.html
  href: lister/antologier.asp
  resolved: /Users/morten.skogly/Dropbox/Projects/Poetikon-ASP-to-Static-2025-1/poetikon.no/albuebilder/lister/antologier.asp

albuebilder/mal.html
  href: lister/antologier.asp
  resolved: /Users/morten.skogly/Dropbox/Projects/Poetikon-ASP-to-Static-2025-1/poetikon.no/albuebilder/lister/antologier.asp

april/blyanter.html
  href: ../noveller2.html
  resolved: /Users/morten.skogly/Dropbox/Projects/Poetikon-ASP-to-Static-2025-1/poetikon.no/noveller2.html

arkiv2.html
  href: real/mortenserogspillerfiniitooo_sharpest.ram
  resolved: /Users/morten.skogly/Dropbox/Projects/Poetikon-ASP-to-Static-2025-1/poetikon.no/real/mortenserogspillerfiniitooo_sharpest.ram
  href: tristessa/novelle.html
  resolved: /Users/morten.skogly/Dropbox/Projects/Poetikon-ASP-to-Static-2025-1/poetikon.no/tristessa/novelle.html
  href: tristessa/novelle.html
  resolved: /Users/morten.skogly/Dropbox/Projects/Poetikon-ASP-to-Static-2025-1/poetikon.no/tristessa/novelle.html
  href: tristessa/index.html
  resolved: /Users/morten.skogly/Dropbox/Projects/Poetikon-ASP-to-Static-2025-1/poetikon.no/tristessa/index.html
  href: etnullnynner/index.htm
  resolved: /Users/morten.skogly/Dropbox/Projects/Poetikon-ASP-to-Static-2025-1/poetikon.no/etnullnynner/index.htm
  href: diktilayers/index.html
  resolved: /Users/morten.skogly/Dropbox/Projects/Poetikon-ASP-to-Static-2025-1/poetikon.no/diktilayers/index.html

artindextest.html
  href: x.html
  resolved: /Users/morten.skogly/Dropbox/Projects/Poetikon-ASP-to-Static-2025-1/poetikon.no/x.html

asp_old/side1.htm
  href: ./Side1-filer/filelist.xml
  resolved: /Users/morten.skogly/Dropbox/Projects/Poetikon-ASP-to-Static-2025-1/poetikon.no/asp_old/Side1-filer/filelist.xml
  href: file:msowc.cab
  resolved: /Users/morten.skogly/Dropbox/Projects/Poetikon-ASP-to-Static-2025-1/poetikon.no/asp_old/file:msowc.cab

asymmetriske_engler/bottom.html
  href: what.html
  resolved: /Users/morten.skogly/Dropbox/Projects/Poetikon-ASP-to-Static-2025-1/poetikon.no/asymmetriske_engler/what.html

august/blad.html
  href: april.css
  resolved: /Users/morten.skogly/Dropbox/Projects/Poetikon-ASP-to-Static-2025-1/poetikon.no/august/april.css

august/maria-undervann.html
  href: april.css
  resolved: /Users/morten.skogly/Dropbox/Projects/Poetikon-ASP-to-Static-2025-1/poetikon.no/august/april.css

august/marie1.html
  href: april.css
  resolved: /Users/morten.skogly/Dropbox/Projects/Poetikon-ASP-to-Static-2025-1/poetikon.no/august/april.css

billedserier.html
  href: ./default.asp
  resolved: /Users/morten.skogly/Dropbox/Projects/Poetikon-ASP-to-Static-2025-1/poetikon.no/default.asp
  href: november.html
  resolved: /Users/morten.skogly/Dropbox/Projects/Poetikon-ASP-to-Static-2025-1/poetikon.no/november.html

boeker_man_burde_lese.html
  href: ./lister.css
  resolved: /Users/morten.skogly/Dropbox/Projects/Poetikon-ASP-to-Static-2025-1/poetikon.no/lister.css

dagbladet/boble.htm
  href: ../../poetikon.css
  resolved: /Users/morten.skogly/Dropbox/Projects/Poetikon-ASP-to-Static-2025-1/poetikon.css
  href: ../../november/24.html
  resolved: /Users/morten.skogly/Dropbox/Projects/Poetikon-ASP-to-Static-2025-1/november/24.html
  href: ../../november/index.html
  resolved: /Users/morten.skogly/Dropbox/Projects/Poetikon-ASP-to-Static-2025-1/november/index.html
  href: ../../november/22.html
  resolved: /Users/morten.skogly/Dropbox/Projects/Poetikon-ASP-to-Static-2025-1/november/22.html

desember/01.html
  href: ../noveller2.html
  resolved: /Users/morten.skogly/Dropbox/Projects/Poetikon-ASP-to-Static-2025-1/poetikon.no/noveller2.html

desember/02.html
  href: ../noveller2.html
  resolved: /Users/morten.skogly/Dropbox/Projects/Poetikon-ASP-to-Static-2025-1/poetikon.no/noveller2.html

desember/15.html
  href: mari@jungforlag.com
  resolved: /Users/morten.skogly/Dropbox/Projects/Poetikon-ASP-to-Static-2025-1/poetikon.no/desember/mari@jungforlag.com

desember/17.html
  href: ../noveller2.html
  resolved: /Users/morten.skogly/Dropbox/Projects/Poetikon-ASP-to-Static-2025-1/poetikon.no/noveller2.html

desember/desember.html
  href: hode3.html
  resolved: /Users/morten.skogly/Dropbox/Projects/Poetikon-ASP-to-Static-2025-1/poetikon.no/desember/hode3.html
  href: hode4.html
  resolved: /Users/morten.skogly/Dropbox/Projects/Poetikon-ASP-to-Static-2025-1/poetikon.no/desember/hode4.html
  href: 14.html
  resolved: /Users/morten.skogly/Dropbox/Projects/Poetikon-ASP-to-Static-2025-1/poetikon.no/desember/14.html
  href: 13.html
  resolved: /Users/morten.skogly/Dropbox/Projects/Poetikon-ASP-to-Static-2025-1/poetikon.no/desember/13.html
  href: 12.html
  resolved: /Users/morten.skogly/Dropbox/Projects/Poetikon-ASP-to-Static-2025-1/poetikon.no/desember/12.html
  href: 11.html
  resolved: /Users/morten.skogly/Dropbox/Projects/Poetikon-ASP-to-Static-2025-1/poetikon.no/desember/11.html
  href: 10.html
  resolved: /Users/morten.skogly/Dropbox/Projects/Poetikon-ASP-to-Static-2025-1/poetikon.no/desember/10.html
  href: 05.html
  resolved: /Users/morten.skogly/Dropbox/Projects/Poetikon-ASP-to-Static-2025-1/poetikon.no/desember/05.html
  href: chrisrock2.html
  resolved: /Users/morten.skogly/Dropbox/Projects/Poetikon-ASP-to-Static-2025-1/poetikon.no/desember/chrisrock2.html
  href: chrisrock1.html
  resolved: /Users/morten.skogly/Dropbox/Projects/Poetikon-ASP-to-Static-2025-1/poetikon.no/desember/chrisrock1.html

desember/desember2.html
  href: ../poetikon/
  resolved: /Users/morten.skogly/Dropbox/Projects/Poetikon-ASP-to-Static-2025-1/poetikon.no/poetikon
  href: ../chat/chat.html
  resolved: /Users/morten.skogly/Dropbox/Projects/Poetikon-ASP-to-Static-2025-1/poetikon.no/chat/chat.html
  href: ../asp/forum/bulletin/default.asp
  resolved: /Users/morten.skogly/Dropbox/Projects/Poetikon-ASP-to-Static-2025-1/poetikon.no/asp/forum/bulletin/default.asp
  href: mp3/munnorgel.m3u
  resolved: /Users/morten.skogly/Dropbox/Projects/Poetikon-ASP-to-Static-2025-1/poetikon.no/desember/mp3/munnorgel.m3u
  href: ../januar/sommer.html
  resolved: /Users/morten.skogly/Dropbox/Projects/Poetikon-ASP-to-Static-2025-1/poetikon.no/januar/sommer.html
  href: ../januar/mimi.html
  resolved: /Users/morten.skogly/Dropbox/Projects/Poetikon-ASP-to-Static-2025-1/poetikon.no/januar/mimi.html
  href: ../januar/dot.html
  resolved: /Users/morten.skogly/Dropbox/Projects/Poetikon-ASP-to-Static-2025-1/poetikon.no/januar/dot.html

desember/index.html
  href: mp3/munnorgel.m3u
  resolved: /Users/morten.skogly/Dropbox/Projects/Poetikon-ASP-to-Static-2025-1/poetikon.no/desember/mp3/munnorgel.m3u

dikt.html
  href: smallthings.css
  resolved: /Users/morten.skogly/Dropbox/Projects/Poetikon-ASP-to-Static-2025-1/poetikon.no/smallthings.css

dogmeradio/index.bk.html
  href: bangor.m3u
  resolved: /Users/morten.skogly/Dropbox/Projects/Poetikon-ASP-to-Static-2025-1/poetikon.no/dogmeradio/bangor.m3u

dogmeradio/index.html
  href: bangor.m3u
  resolved: /Users/morten.skogly/Dropbox/Projects/Poetikon-ASP-to-Static-2025-1/poetikon.no/dogmeradio/bangor.m3u

drameg.html
  href: noveller.html
  resolved: /Users/morten.skogly/Dropbox/Projects/Poetikon-ASP-to-Static-2025-1/poetikon.no/noveller.html

etnullnynner.html
  href: noveller2.html
  resolved: /Users/morten.skogly/Dropbox/Projects/Poetikon-ASP-to-Static-2025-1/poetikon.no/noveller2.html

fakepolaroids.html
  href: noveller2.html
  resolved: /Users/morten.skogly/Dropbox/Projects/Poetikon-ASP-to-Static-2025-1/poetikon.no/noveller2.html

flash/flashtest.html
  href: poetikon.css
  resolved: /Users/morten.skogly/Dropbox/Projects/Poetikon-ASP-to-Static-2025-1/poetikon.no/flash/poetikon.css

folk.html
  href: noveller/paraplytanker.asp
  resolved: /Users/morten.skogly/Dropbox/Projects/Poetikon-ASP-to-Static-2025-1/poetikon.no/noveller/paraplytanker.asp
  href: noveller/entreprenoren.html
  resolved: /Users/morten.skogly/Dropbox/Projects/Poetikon-ASP-to-Static-2025-1/poetikon.no/noveller/entreprenoren.html
  href: ./tristessa/novellecode.html
  resolved: /Users/morten.skogly/Dropbox/Projects/Poetikon-ASP-to-Static-2025-1/poetikon.no/tristessa/novellecode.html

fotografi/_mal.html
  href: cp/02.html
  resolved: /Users/morten.skogly/Dropbox/Projects/Poetikon-ASP-to-Static-2025-1/poetikon.no/fotografi/cp/02.html
  href: cp/01.html
  resolved: /Users/morten.skogly/Dropbox/Projects/Poetikon-ASP-to-Static-2025-1/poetikon.no/fotografi/cp/01.html

fotografi/indexbk.html
  href: loppemarked.html
  resolved: /Users/morten.skogly/Dropbox/Projects/Poetikon-ASP-to-Static-2025-1/poetikon.no/fotografi/loppemarked.html
  href: kontaktinfo.html
  resolved: /Users/morten.skogly/Dropbox/Projects/Poetikon-ASP-to-Static-2025-1/poetikon.no/fotografi/kontaktinfo.html
  href: erfaring.html
  resolved: /Users/morten.skogly/Dropbox/Projects/Poetikon-ASP-to-Static-2025-1/poetikon.no/fotografi/erfaring.html
  href: webdesign.html
  resolved: /Users/morten.skogly/Dropbox/Projects/Poetikon-ASP-to-Static-2025-1/poetikon.no/fotografi/webdesign.html
  href: utdanning.html
  resolved: /Users/morten.skogly/Dropbox/Projects/Poetikon-ASP-to-Static-2025-1/poetikon.no/fotografi/utdanning.html
  href: cv_input.html
  resolved: /Users/morten.skogly/Dropbox/Projects/Poetikon-ASP-to-Static-2025-1/poetikon.no/fotografi/cv_input.html
  href: cv_output.html
  resolved: /Users/morten.skogly/Dropbox/Projects/Poetikon-ASP-to-Static-2025-1/poetikon.no/fotografi/cv_output.html
  href: cv_planer.html
  resolved: /Users/morten.skogly/Dropbox/Projects/Poetikon-ASP-to-Static-2025-1/poetikon.no/fotografi/cv_planer.html
  href: cv_feedback.html
  resolved: /Users/morten.skogly/Dropbox/Projects/Poetikon-ASP-to-Static-2025-1/poetikon.no/fotografi/cv_feedback.html
  href: cv_egen.html
  resolved: /Users/morten.skogly/Dropbox/Projects/Poetikon-ASP-to-Static-2025-1/poetikon.no/fotografi/cv_egen.html
  href: cv_inter.html
  resolved: /Users/morten.skogly/Dropbox/Projects/Poetikon-ASP-to-Static-2025-1/poetikon.no/fotografi/cv_inter.html
  href: bookmark.htm
  resolved: /Users/morten.skogly/Dropbox/Projects/Poetikon-ASP-to-Static-2025-1/poetikon.no/fotografi/bookmark.htm
  href: cv_onskeliste.html
  resolved: /Users/morten.skogly/Dropbox/Projects/Poetikon-ASP-to-Static-2025-1/poetikon.no/fotografi/cv_onskeliste.html
  href: ../diare/index.html
  resolved: /Users/morten.skogly/Dropbox/Projects/Poetikon-ASP-to-Static-2025-1/poetikon.no/diare/index.html

fotografi/menybk.html
  href: cp/02.html
  resolved: /Users/morten.skogly/Dropbox/Projects/Poetikon-ASP-to-Static-2025-1/poetikon.no/fotografi/cp/02.html
  href: cp/01.html
  resolved: /Users/morten.skogly/Dropbox/Projects/Poetikon-ASP-to-Static-2025-1/poetikon.no/fotografi/cp/01.html

fotografi/ms/pages/dscf0003.htm
  href: ../index.htm
  resolved: /Users/morten.skogly/Dropbox/Projects/Poetikon-ASP-to-Static-2025-1/poetikon.no/fotografi/ms/index.htm

fotografi/ms/pages/dscf0005.htm
  href: ../index.htm
  resolved: /Users/morten.skogly/Dropbox/Projects/Poetikon-ASP-to-Static-2025-1/poetikon.no/fotografi/ms/index.htm

fotografi/ms/pages/dscf0006.htm
  href: ../index.htm
  resolved: /Users/morten.skogly/Dropbox/Projects/Poetikon-ASP-to-Static-2025-1/poetikon.no/fotografi/ms/index.htm

fotografi/ms/pages/dscf0007.htm
  href: ../index.htm
  resolved: /Users/morten.skogly/Dropbox/Projects/Poetikon-ASP-to-Static-2025-1/poetikon.no/fotografi/ms/index.htm

fotografi/ms/pages/dscf0008.htm
  href: ../index.htm
  resolved: /Users/morten.skogly/Dropbox/Projects/Poetikon-ASP-to-Static-2025-1/poetikon.no/fotografi/ms/index.htm

fotografi/ms/pages/dscf0009.htm
  href: ../index.htm
  resolved: /Users/morten.skogly/Dropbox/Projects/Poetikon-ASP-to-Static-2025-1/poetikon.no/fotografi/ms/index.htm

fotografi/ms/pages/dscf0010.htm
  href: ../index.htm
  resolved: /Users/morten.skogly/Dropbox/Projects/Poetikon-ASP-to-Static-2025-1/poetikon.no/fotografi/ms/index.htm

fotografi/ms/pages/dscf0011.htm
  href: ../index.htm
  resolved: /Users/morten.skogly/Dropbox/Projects/Poetikon-ASP-to-Static-2025-1/poetikon.no/fotografi/ms/index.htm

fotografi/ms/pages/dscf0012.htm
  href: ../index.htm
  resolved: /Users/morten.skogly/Dropbox/Projects/Poetikon-ASP-to-Static-2025-1/poetikon.no/fotografi/ms/index.htm

fotografi/ms/pages/dscf0013.htm
  href: ../index.htm
  resolved: /Users/morten.skogly/Dropbox/Projects/Poetikon-ASP-to-Static-2025-1/poetikon.no/fotografi/ms/index.htm

fotografi/ms/pages/dscf0014.htm
  href: ../index.htm
  resolved: /Users/morten.skogly/Dropbox/Projects/Poetikon-ASP-to-Static-2025-1/poetikon.no/fotografi/ms/index.htm

fotografi/ms/pages/dscf0015.htm
  href: ../index.htm
  resolved: /Users/morten.skogly/Dropbox/Projects/Poetikon-ASP-to-Static-2025-1/poetikon.no/fotografi/ms/index.htm

fotografi/ms/pages/dscf0016.htm
  href: ../index.htm
  resolved: /Users/morten.skogly/Dropbox/Projects/Poetikon-ASP-to-Static-2025-1/poetikon.no/fotografi/ms/index.htm

fotografi/ms/pages/dscf0017.htm
  href: ../index.htm
  resolved: /Users/morten.skogly/Dropbox/Projects/Poetikon-ASP-to-Static-2025-1/poetikon.no/fotografi/ms/index.htm

fotografi/ms/pages/dscf0018.htm
  href: ../index.htm
  resolved: /Users/morten.skogly/Dropbox/Projects/Poetikon-ASP-to-Static-2025-1/poetikon.no/fotografi/ms/index.htm

fotografi/ms/pages/dscf0019.htm
  href: ../index.htm
  resolved: /Users/morten.skogly/Dropbox/Projects/Poetikon-ASP-to-Static-2025-1/poetikon.no/fotografi/ms/index.htm

fotografi/ms/pages/dscf0020.htm
  href: ../index.htm
  resolved: /Users/morten.skogly/Dropbox/Projects/Poetikon-ASP-to-Static-2025-1/poetikon.no/fotografi/ms/index.htm

fotografi/ms/pages/dscf0021.htm
  href: ../index.htm
  resolved: /Users/morten.skogly/Dropbox/Projects/Poetikon-ASP-to-Static-2025-1/poetikon.no/fotografi/ms/index.htm

fotografi/ms/pages/dscf0022.htm
  href: ../index.htm
  resolved: /Users/morten.skogly/Dropbox/Projects/Poetikon-ASP-to-Static-2025-1/poetikon.no/fotografi/ms/index.htm

fotografi/ms/pages/dscf0023.htm
  href: ../index.htm
  resolved: /Users/morten.skogly/Dropbox/Projects/Poetikon-ASP-to-Static-2025-1/poetikon.no/fotografi/ms/index.htm

fotografi/ms/pages/dscf0024.htm
  href: ../index.htm
  resolved: /Users/morten.skogly/Dropbox/Projects/Poetikon-ASP-to-Static-2025-1/poetikon.no/fotografi/ms/index.htm

fotografi/ms/pages/dscf0025.htm
  href: ../index.htm
  resolved: /Users/morten.skogly/Dropbox/Projects/Poetikon-ASP-to-Static-2025-1/poetikon.no/fotografi/ms/index.htm

fotografi/ms/pages/dscf0026.htm
  href: ../index.htm
  resolved: /Users/morten.skogly/Dropbox/Projects/Poetikon-ASP-to-Static-2025-1/poetikon.no/fotografi/ms/index.htm

fotografi/ms/pages/dscf0027.htm
  href: ../index.htm
  resolved: /Users/morten.skogly/Dropbox/Projects/Poetikon-ASP-to-Static-2025-1/poetikon.no/fotografi/ms/index.htm

fotografi/ms/pages/dscf0028.htm
  href: ../index.htm
  resolved: /Users/morten.skogly/Dropbox/Projects/Poetikon-ASP-to-Static-2025-1/poetikon.no/fotografi/ms/index.htm

glitterputty/innhold.html
  href: 03.ram
  resolved: /Users/morten.skogly/Dropbox/Projects/Poetikon-ASP-to-Static-2025-1/poetikon.no/glitterputty/03.ram
  href: 04.ram
  resolved: /Users/morten.skogly/Dropbox/Projects/Poetikon-ASP-to-Static-2025-1/poetikon.no/glitterputty/04.ram
  href: 06
  resolved: /Users/morten.skogly/Dropbox/Projects/Poetikon-ASP-to-Static-2025-1/poetikon.no/glitterputty/06
  href: 09.ram
  resolved: /Users/morten.skogly/Dropbox/Projects/Poetikon-ASP-to-Static-2025-1/poetikon.no/glitterputty/09.ram

grey/brev/mail1.html
  href: index.html
  resolved: /Users/morten.skogly/Dropbox/Projects/Poetikon-ASP-to-Static-2025-1/poetikon.no/grey/brev/index.html
  href: mail2.html
  resolved: /Users/morten.skogly/Dropbox/Projects/Poetikon-ASP-to-Static-2025-1/poetikon.no/grey/brev/mail2.html

grey/dikt/org1.html
  href: ./dikt2.html
  resolved: /Users/morten.skogly/Dropbox/Projects/Poetikon-ASP-to-Static-2025-1/poetikon.no/grey/dikt/dikt2.html

grey/dikt/org2.html
  href: ./dikt.html
  resolved: /Users/morten.skogly/Dropbox/Projects/Poetikon-ASP-to-Static-2025-1/poetikon.no/grey/dikt/dikt.html

grey/dikt2.html
  href: ./tekst/morten.html
  resolved: /Users/morten.skogly/Dropbox/Projects/Poetikon-ASP-to-Static-2025-1/poetikon.no/grey/tekst/morten.html

grey/info/folk.html
  href: ../bilder/fotografi.html
  resolved: /Users/morten.skogly/Dropbox/Projects/Poetikon-ASP-to-Static-2025-1/poetikon.no/grey/bilder/fotografi.html

grey/tekst/dikt.html
  href: mailtekst.css
  resolved: /Users/morten.skogly/Dropbox/Projects/Poetikon-ASP-to-Static-2025-1/poetikon.no/grey/tekst/mailtekst.css
  href: ./dikt2.html
  resolved: /Users/morten.skogly/Dropbox/Projects/Poetikon-ASP-to-Static-2025-1/poetikon.no/grey/tekst/dikt2.html

guttormandreassen/001.html
  href: ../css.css
  resolved: /Users/morten.skogly/Dropbox/Projects/Poetikon-ASP-to-Static-2025-1/poetikon.no/css.css

guttormandreassen/002.html
  href: ../css.css
  resolved: /Users/morten.skogly/Dropbox/Projects/Poetikon-ASP-to-Static-2025-1/poetikon.no/css.css

guttormandreassen/003.html
  href: ../css.css
  resolved: /Users/morten.skogly/Dropbox/Projects/Poetikon-ASP-to-Static-2025-1/poetikon.no/css.css

guttormandreassen/004.html
  href: ../css.css
  resolved: /Users/morten.skogly/Dropbox/Projects/Poetikon-ASP-to-Static-2025-1/poetikon.no/css.css

guttormandreassen/005.html
  href: ../css.css
  resolved: /Users/morten.skogly/Dropbox/Projects/Poetikon-ASP-to-Static-2025-1/poetikon.no/css.css

guttormandreassen/006.html
  href: ../css.css
  resolved: /Users/morten.skogly/Dropbox/Projects/Poetikon-ASP-to-Static-2025-1/poetikon.no/css.css

guttormandreassen/007.html
  href: ../css.css
  resolved: /Users/morten.skogly/Dropbox/Projects/Poetikon-ASP-to-Static-2025-1/poetikon.no/css.css

guttormandreassen/008.html
  href: ../css.css
  resolved: /Users/morten.skogly/Dropbox/Projects/Poetikon-ASP-to-Static-2025-1/poetikon.no/css.css

historier.2mars.html
  href: noveller/skisse1.html
  resolved: /Users/morten.skogly/Dropbox/Projects/Poetikon-ASP-to-Static-2025-1/poetikon.no/noveller/skisse1.html
  href: asp/01.asp
  resolved: /Users/morten.skogly/Dropbox/Projects/Poetikon-ASP-to-Static-2025-1/poetikon.no/asp/01.asp
  href: noveller/hjertesoldat.html
  resolved: /Users/morten.skogly/Dropbox/Projects/Poetikon-ASP-to-Static-2025-1/poetikon.no/noveller/hjertesoldat.html
  href: noveller/entreprenoren.html
  resolved: /Users/morten.skogly/Dropbox/Projects/Poetikon-ASP-to-Static-2025-1/poetikon.no/noveller/entreprenoren.html
  href: noveller/ingenting.html
  resolved: /Users/morten.skogly/Dropbox/Projects/Poetikon-ASP-to-Static-2025-1/poetikon.no/noveller/ingenting.html
  href: ./tristessa/novellecode.html
  resolved: /Users/morten.skogly/Dropbox/Projects/Poetikon-ASP-to-Static-2025-1/poetikon.no/tristessa/novellecode.html

historier.html
  href: asp/01.asp
  resolved: /Users/morten.skogly/Dropbox/Projects/Poetikon-ASP-to-Static-2025-1/poetikon.no/asp/01.asp
  href: ./tristessa/novellecode.html
  resolved: /Users/morten.skogly/Dropbox/Projects/Poetikon-ASP-to-Static-2025-1/poetikon.no/tristessa/novellecode.html

hjertesmerte.html
  href: noveller2.html
  resolved: /Users/morten.skogly/Dropbox/Projects/Poetikon-ASP-to-Static-2025-1/poetikon.no/noveller2.html

hjertesmerte/forsiden.html
  href: foto.html
  resolved: /Users/morten.skogly/Dropbox/Projects/Poetikon-ASP-to-Static-2025-1/poetikon.no/hjertesmerte/foto.html
  href: du.html
  resolved: /Users/morten.skogly/Dropbox/Projects/Poetikon-ASP-to-Static-2025-1/poetikon.no/hjertesmerte/du.html

hjertesmerte/poesi.bk.html
  href: foto.html
  resolved: /Users/morten.skogly/Dropbox/Projects/Poetikon-ASP-to-Static-2025-1/poetikon.no/hjertesmerte/foto.html
  href: du.html
  resolved: /Users/morten.skogly/Dropbox/Projects/Poetikon-ASP-to-Static-2025-1/poetikon.no/hjertesmerte/du.html
  href: 1
  resolved: /Users/morten.skogly/Dropbox/Projects/Poetikon-ASP-to-Static-2025-1/poetikon.no/hjertesmerte/1
  href: ../lyd/andreasen/02.m3u
  resolved: /Users/morten.skogly/Dropbox/Projects/Poetikon-ASP-to-Static-2025-1/poetikon.no/lyd/andreasen/02.m3u
  href: ../lyd/andreasen/06.m3u
  resolved: /Users/morten.skogly/Dropbox/Projects/Poetikon-ASP-to-Static-2025-1/poetikon.no/lyd/andreasen/06.m3u

hjertesmerte/poesi.html
  href: foto.html
  resolved: /Users/morten.skogly/Dropbox/Projects/Poetikon-ASP-to-Static-2025-1/poetikon.no/hjertesmerte/foto.html
  href: du.html
  resolved: /Users/morten.skogly/Dropbox/Projects/Poetikon-ASP-to-Static-2025-1/poetikon.no/hjertesmerte/du.html
  href: 1
  resolved: /Users/morten.skogly/Dropbox/Projects/Poetikon-ASP-to-Static-2025-1/poetikon.no/hjertesmerte/1
  href: ../lyd/andreasen/02.mp3
  resolved: /Users/morten.skogly/Dropbox/Projects/Poetikon-ASP-to-Static-2025-1/poetikon.no/lyd/andreasen/02.mp3
  href: ../lyd/andreasen/06.mp3
  resolved: /Users/morten.skogly/Dropbox/Projects/Poetikon-ASP-to-Static-2025-1/poetikon.no/lyd/andreasen/06.mp3

hjertesmerte/prosa.html
  href: foto.html
  resolved: /Users/morten.skogly/Dropbox/Projects/Poetikon-ASP-to-Static-2025-1/poetikon.no/hjertesmerte/foto.html
  href: du.html
  resolved: /Users/morten.skogly/Dropbox/Projects/Poetikon-ASP-to-Static-2025-1/poetikon.no/hjertesmerte/du.html
  href: prosa/01.html
  resolved: /Users/morten.skogly/Dropbox/Projects/Poetikon-ASP-to-Static-2025-1/poetikon.no/hjertesmerte/prosa/01.html
  href: ../lyd/andreasen/02.m3u
  resolved: /Users/morten.skogly/Dropbox/Projects/Poetikon-ASP-to-Static-2025-1/poetikon.no/lyd/andreasen/02.m3u

honning/bildermeny.html
  href: bilder/fotografi.html
  resolved: /Users/morten.skogly/Dropbox/Projects/Poetikon-ASP-to-Static-2025-1/poetikon.no/honning/bilder/fotografi.html

honning/brev/_mal.html
  href: 00.html
  resolved: /Users/morten.skogly/Dropbox/Projects/Poetikon-ASP-to-Static-2025-1/poetikon.no/honning/brev/00.html

honning/brev/mail3.html
  href: index
  resolved: /Users/morten.skogly/Dropbox/Projects/Poetikon-ASP-to-Static-2025-1/poetikon.no/honning/brev/index

honning/forsiden.html
  href: prosa.html
  resolved: /Users/morten.skogly/Dropbox/Projects/Poetikon-ASP-to-Static-2025-1/poetikon.no/honning/prosa.html
  href: foto.html
  resolved: /Users/morten.skogly/Dropbox/Projects/Poetikon-ASP-to-Static-2025-1/poetikon.no/honning/foto.html
  href: du.html
  resolved: /Users/morten.skogly/Dropbox/Projects/Poetikon-ASP-to-Static-2025-1/poetikon.no/honning/du.html

honning/info/folkold.html
  href: ../poetikon.css
  resolved: /Users/morten.skogly/Dropbox/Projects/Poetikon-ASP-to-Static-2025-1/poetikon.no/honning/poetikon.css

honning/poesi.html
  href: prosa.html
  resolved: /Users/morten.skogly/Dropbox/Projects/Poetikon-ASP-to-Static-2025-1/poetikon.no/honning/prosa.html
  href: foto.html
  resolved: /Users/morten.skogly/Dropbox/Projects/Poetikon-ASP-to-Static-2025-1/poetikon.no/honning/foto.html
  href: du.html
  resolved: /Users/morten.skogly/Dropbox/Projects/Poetikon-ASP-to-Static-2025-1/poetikon.no/honning/du.html
  href: 1
  resolved: /Users/morten.skogly/Dropbox/Projects/Poetikon-ASP-to-Static-2025-1/poetikon.no/honning/1

honning/tekst/alle.html
  href: grey.css
  resolved: /Users/morten.skogly/Dropbox/Projects/Poetikon-ASP-to-Static-2025-1/poetikon.no/honning/tekst/grey.css

honning/tekst/frank.html
  href: ./dikt.html
  resolved: /Users/morten.skogly/Dropbox/Projects/Poetikon-ASP-to-Static-2025-1/poetikon.no/honning/tekst/dikt.html

index-something.html
  href: lister/meny.html
  resolved: /Users/morten.skogly/Dropbox/Projects/Poetikon-ASP-to-Static-2025-1/poetikon.no/lister/meny.html

juni/atallship.html
  href: mai.css
  resolved: /Users/morten.skogly/Dropbox/Projects/Poetikon-ASP-to-Static-2025-1/poetikon.no/juni/mai.css

juni/froekoffert.html
  href: mai.css
  resolved: /Users/morten.skogly/Dropbox/Projects/Poetikon-ASP-to-Static-2025-1/poetikon.no/juni/mai.css

juni/wrotepoet.html
  href: mai.css
  resolved: /Users/morten.skogly/Dropbox/Projects/Poetikon-ASP-to-Static-2025-1/poetikon.no/juni/mai.css

junkdrawer/index.html
  href: loppemarked.html
  resolved: /Users/morten.skogly/Dropbox/Projects/Poetikon-ASP-to-Static-2025-1/poetikon.no/junkdrawer/loppemarked.html
  href: kontaktinfo.html
  resolved: /Users/morten.skogly/Dropbox/Projects/Poetikon-ASP-to-Static-2025-1/poetikon.no/junkdrawer/kontaktinfo.html
  href: erfaring.html
  resolved: /Users/morten.skogly/Dropbox/Projects/Poetikon-ASP-to-Static-2025-1/poetikon.no/junkdrawer/erfaring.html
  href: webdesign.html
  resolved: /Users/morten.skogly/Dropbox/Projects/Poetikon-ASP-to-Static-2025-1/poetikon.no/junkdrawer/webdesign.html
  href: utdanning.html
  resolved: /Users/morten.skogly/Dropbox/Projects/Poetikon-ASP-to-Static-2025-1/poetikon.no/junkdrawer/utdanning.html
  href: cv_input.html
  resolved: /Users/morten.skogly/Dropbox/Projects/Poetikon-ASP-to-Static-2025-1/poetikon.no/junkdrawer/cv_input.html
  href: cv_output.html
  resolved: /Users/morten.skogly/Dropbox/Projects/Poetikon-ASP-to-Static-2025-1/poetikon.no/junkdrawer/cv_output.html
  href: cv_planer.html
  resolved: /Users/morten.skogly/Dropbox/Projects/Poetikon-ASP-to-Static-2025-1/poetikon.no/junkdrawer/cv_planer.html
  href: cv_feedback.html
  resolved: /Users/morten.skogly/Dropbox/Projects/Poetikon-ASP-to-Static-2025-1/poetikon.no/junkdrawer/cv_feedback.html
  href: cv_egen.html
  resolved: /Users/morten.skogly/Dropbox/Projects/Poetikon-ASP-to-Static-2025-1/poetikon.no/junkdrawer/cv_egen.html
  href: cv_inter.html
  resolved: /Users/morten.skogly/Dropbox/Projects/Poetikon-ASP-to-Static-2025-1/poetikon.no/junkdrawer/cv_inter.html
  href: bookmark.htm
  resolved: /Users/morten.skogly/Dropbox/Projects/Poetikon-ASP-to-Static-2025-1/poetikon.no/junkdrawer/bookmark.htm
  href: cv_onskeliste.html
  resolved: /Users/morten.skogly/Dropbox/Projects/Poetikon-ASP-to-Static-2025-1/poetikon.no/junkdrawer/cv_onskeliste.html
  href: ../diare/index.html
  resolved: /Users/morten.skogly/Dropbox/Projects/Poetikon-ASP-to-Static-2025-1/poetikon.no/diare/index.html

junkdrawer/meny.html
  href: ./juli/9.html
  resolved: /Users/morten.skogly/Dropbox/Projects/Poetikon-ASP-to-Static-2025-1/poetikon.no/junkdrawer/juli/9.html
  href: juni/elingaard.ram
  resolved: /Users/morten.skogly/Dropbox/Projects/Poetikon-ASP-to-Static-2025-1/poetikon.no/junkdrawer/juni/elingaard.ram
  href: 1999/barcelona1.ram
  resolved: /Users/morten.skogly/Dropbox/Projects/Poetikon-ASP-to-Static-2025-1/poetikon.no/junkdrawer/1999/barcelona1.ram
  href: 1999/barcelona2.ram
  resolved: /Users/morten.skogly/Dropbox/Projects/Poetikon-ASP-to-Static-2025-1/poetikon.no/junkdrawer/1999/barcelona2.ram
  href: ram/backwards_river.ram
  resolved: /Users/morten.skogly/Dropbox/Projects/Poetikon-ASP-to-Static-2025-1/poetikon.no/junkdrawer/ram/backwards_river.ram

junkdrawer/planer.html
  href: ../hybris/skulptur_busemenn.html
  resolved: /Users/morten.skogly/Dropbox/Projects/Poetikon-ASP-to-Static-2025-1/poetikon.no/hybris/skulptur_busemenn.html
  href: ../hybris/musikk_meteorologisk.html
  resolved: /Users/morten.skogly/Dropbox/Projects/Poetikon-ASP-to-Static-2025-1/poetikon.no/hybris/musikk_meteorologisk.html
  href: ../diare/19991014.html
  resolved: /Users/morten.skogly/Dropbox/Projects/Poetikon-ASP-to-Static-2025-1/poetikon.no/diare/19991014.html
  href: ../diare/19991015.html
  resolved: /Users/morten.skogly/Dropbox/Projects/Poetikon-ASP-to-Static-2025-1/poetikon.no/diare/19991015.html
  href: ../dengalemannenogsola/index.html
  resolved: /Users/morten.skogly/Dropbox/Projects/Poetikon-ASP-to-Static-2025-1/poetikon.no/dengalemannenogsola/index.html
  href: ../hybris/bibliotek_onpupilover.html
  resolved: /Users/morten.skogly/Dropbox/Projects/Poetikon-ASP-to-Static-2025-1/poetikon.no/hybris/bibliotek_onpupilover.html
  href: ../diare/19990529.html
  resolved: /Users/morten.skogly/Dropbox/Projects/Poetikon-ASP-to-Static-2025-1/poetikon.no/diare/19990529.html

kopi av video.html
  href: plirk/real/live.ram
  resolved: /Users/morten.skogly/Dropbox/Projects/Poetikon-ASP-to-Static-2025-1/poetikon.no/plirk/real/live.ram

kronos.html
  href: april/skisse1.html
  resolved: /Users/morten.skogly/Dropbox/Projects/Poetikon-ASP-to-Static-2025-1/poetikon.no/april/skisse1.html
  href: blog/blogger.html
  resolved: /Users/morten.skogly/Dropbox/Projects/Poetikon-ASP-to-Static-2025-1/poetikon.no/blog/blogger.html
  href: april\orfeus.html
  resolved: /Users/morten.skogly/Dropbox/Projects/Poetikon-ASP-to-Static-2025-1/poetikon.no/april\orfeus.html
  href: april\skipper.html
  resolved: /Users/morten.skogly/Dropbox/Projects/Poetikon-ASP-to-Static-2025-1/poetikon.no/april\skipper.html
  href: lister/thingsthatdontsuck.asp
  resolved: /Users/morten.skogly/Dropbox/Projects/Poetikon-ASP-to-Static-2025-1/poetikon.no/lister/thingsthatdontsuck.asp
  href: april\orfeus.html
  resolved: /Users/morten.skogly/Dropbox/Projects/Poetikon-ASP-to-Static-2025-1/poetikon.no/april\orfeus.html
  href: april/skisse1.html
  resolved: /Users/morten.skogly/Dropbox/Projects/Poetikon-ASP-to-Static-2025-1/poetikon.no/april/skisse1.html
  href: mars/trineness.html
  resolved: /Users/morten.skogly/Dropbox/Projects/Poetikon-ASP-to-Static-2025-1/poetikon.no/mars/trineness.html
  href: blog/blogger.html
  resolved: /Users/morten.skogly/Dropbox/Projects/Poetikon-ASP-to-Static-2025-1/poetikon.no/blog/blogger.html
  href: januar/sommer.html
  resolved: /Users/morten.skogly/Dropbox/Projects/Poetikon-ASP-to-Static-2025-1/poetikon.no/januar/sommer.html
  href: januar/dot.html
  resolved: /Users/morten.skogly/Dropbox/Projects/Poetikon-ASP-to-Static-2025-1/poetikon.no/januar/dot.html
  href: januar/mimi.html
  resolved: /Users/morten.skogly/Dropbox/Projects/Poetikon-ASP-to-Static-2025-1/poetikon.no/januar/mimi.html

lyd/index.html
  href: 4
  resolved: /Users/morten.skogly/Dropbox/Projects/Poetikon-ASP-to-Static-2025-1/poetikon.no/lyd/4
  href: 5
  resolved: /Users/morten.skogly/Dropbox/Projects/Poetikon-ASP-to-Static-2025-1/poetikon.no/lyd/5
  href: 6
  resolved: /Users/morten.skogly/Dropbox/Projects/Poetikon-ASP-to-Static-2025-1/poetikon.no/lyd/6
  href: 7
  resolved: /Users/morten.skogly/Dropbox/Projects/Poetikon-ASP-to-Static-2025-1/poetikon.no/lyd/7
  href: 9
  resolved: /Users/morten.skogly/Dropbox/Projects/Poetikon-ASP-to-Static-2025-1/poetikon.no/lyd/9
  href: 10
  resolved: /Users/morten.skogly/Dropbox/Projects/Poetikon-ASP-to-Static-2025-1/poetikon.no/lyd/10
  href: 11
  resolved: /Users/morten.skogly/Dropbox/Projects/Poetikon-ASP-to-Static-2025-1/poetikon.no/lyd/11
  href: 12
  resolved: /Users/morten.skogly/Dropbox/Projects/Poetikon-ASP-to-Static-2025-1/poetikon.no/lyd/12
  href: 13
  resolved: /Users/morten.skogly/Dropbox/Projects/Poetikon-ASP-to-Static-2025-1/poetikon.no/lyd/13
  href: t
  resolved: /Users/morten.skogly/Dropbox/Projects/Poetikon-ASP-to-Static-2025-1/poetikon.no/lyd/t
  href: e
  resolved: /Users/morten.skogly/Dropbox/Projects/Poetikon-ASP-to-Static-2025-1/poetikon.no/lyd/e

madmansun/splash.html
  href: ./innimellom/51.html
  resolved: /Users/morten.skogly/Dropbox/Projects/Poetikon-ASP-to-Static-2025-1/poetikon.no/madmansun/innimellom/51.html

meny.html
  href: eksperiimenter.html
  resolved: /Users/morten.skogly/Dropbox/Projects/Poetikon-ASP-to-Static-2025-1/poetikon.no/eksperiimenter.html
  href: lister/finedyr.asp
  resolved: /Users/morten.skogly/Dropbox/Projects/Poetikon-ASP-to-Static-2025-1/poetikon.no/lister/finedyr.asp
  href: noveller2.html
  resolved: /Users/morten.skogly/Dropbox/Projects/Poetikon-ASP-to-Static-2025-1/poetikon.no/noveller2.html
  href: noveller.html
  resolved: /Users/morten.skogly/Dropbox/Projects/Poetikon-ASP-to-Static-2025-1/poetikon.no/noveller.html
  href: lister/finesetninger.asp
  resolved: /Users/morten.skogly/Dropbox/Projects/Poetikon-ASP-to-Static-2025-1/poetikon.no/lister/finesetninger.asp

natten.html
  href: noveller2.html
  resolved: /Users/morten.skogly/Dropbox/Projects/Poetikon-ASP-to-Static-2025-1/poetikon.no/noveller2.html

natten/forsiden.html
  href: grey.css
  resolved: /Users/morten.skogly/Dropbox/Projects/Poetikon-ASP-to-Static-2025-1/poetikon.no/natten/grey.css

natten/meny.html
  href: info/folk.html
  resolved: /Users/morten.skogly/Dropbox/Projects/Poetikon-ASP-to-Static-2025-1/poetikon.no/natten/info/folk.html
  href: info/hjelp.html
  resolved: /Users/morten.skogly/Dropbox/Projects/Poetikon-ASP-to-Static-2025-1/poetikon.no/natten/info/hjelp.html
  href: flash.html
  resolved: /Users/morten.skogly/Dropbox/Projects/Poetikon-ASP-to-Static-2025-1/poetikon.no/natten/flash.html
  href: tekst.html
  resolved: /Users/morten.skogly/Dropbox/Projects/Poetikon-ASP-to-Static-2025-1/poetikon.no/natten/tekst.html
  href: info.html
  resolved: /Users/morten.skogly/Dropbox/Projects/Poetikon-ASP-to-Static-2025-1/poetikon.no/natten/info.html

nattevake.html
  href: ../poetikon.css
  resolved: /Users/morten.skogly/Dropbox/Projects/Poetikon-ASP-to-Static-2025-1/poetikon.css
  href: ../noveller2.html
  resolved: /Users/morten.skogly/Dropbox/Projects/Poetikon-ASP-to-Static-2025-1/noveller2.html

noveller/christopher.html
  href: ../noveller2.html
  resolved: /Users/morten.skogly/Dropbox/Projects/Poetikon-ASP-to-Static-2025-1/poetikon.no/noveller2.html

noveller/enduftavblomster.html
  href: ../noveller2.html
  resolved: /Users/morten.skogly/Dropbox/Projects/Poetikon-ASP-to-Static-2025-1/poetikon.no/noveller2.html

noveller/ensomthjerte1.html
  href: ../noveller2.html
  resolved: /Users/morten.skogly/Dropbox/Projects/Poetikon-ASP-to-Static-2025-1/poetikon.no/noveller2.html

noveller/etlitestykketid.html
  href: ../noveller2.html
  resolved: /Users/morten.skogly/Dropbox/Projects/Poetikon-ASP-to-Static-2025-1/poetikon.no/noveller2.html

noveller/megogdeandre.html
  href: ../noveller2.html
  resolved: /Users/morten.skogly/Dropbox/Projects/Poetikon-ASP-to-Static-2025-1/poetikon.no/noveller2.html

noveller/morgenstund.html
  href: ../noveller2.html
  resolved: /Users/morten.skogly/Dropbox/Projects/Poetikon-ASP-to-Static-2025-1/poetikon.no/noveller2.html

noveller/naermere.html
  href: ../noveller2.html
  resolved: /Users/morten.skogly/Dropbox/Projects/Poetikon-ASP-to-Static-2025-1/poetikon.no/noveller2.html

noveller/nattevake.html
  href: ../noveller2.html
  resolved: /Users/morten.skogly/Dropbox/Projects/Poetikon-ASP-to-Static-2025-1/poetikon.no/noveller2.html

noveller/noveller2.html
  href: poetikon.css
  resolved: /Users/morten.skogly/Dropbox/Projects/Poetikon-ASP-to-Static-2025-1/poetikon.no/noveller/poetikon.css
  href: sandberg/sandberg.html
  resolved: /Users/morten.skogly/Dropbox/Projects/Poetikon-ASP-to-Static-2025-1/poetikon.no/noveller/sandberg/sandberg.html
  href: noveller/revers.html
  resolved: /Users/morten.skogly/Dropbox/Projects/Poetikon-ASP-to-Static-2025-1/poetikon.no/noveller/noveller/revers.html
  href: noveller/fallteknikk.html
  resolved: /Users/morten.skogly/Dropbox/Projects/Poetikon-ASP-to-Static-2025-1/poetikon.no/noveller/noveller/fallteknikk.html
  href: april\orfeus.html
  resolved: /Users/morten.skogly/Dropbox/Projects/Poetikon-ASP-to-Static-2025-1/poetikon.no/noveller/april\orfeus.html
  href: noveller/morgenstund.html
  resolved: /Users/morten.skogly/Dropbox/Projects/Poetikon-ASP-to-Static-2025-1/poetikon.no/noveller/noveller/morgenstund.html
  href: april/skisse1.html
  resolved: /Users/morten.skogly/Dropbox/Projects/Poetikon-ASP-to-Static-2025-1/poetikon.no/noveller/april/skisse1.html
  href: noveller/naermere.html
  resolved: /Users/morten.skogly/Dropbox/Projects/Poetikon-ASP-to-Static-2025-1/poetikon.no/noveller/noveller/naermere.html
  href: noveller/solensstraaler.html
  resolved: /Users/morten.skogly/Dropbox/Projects/Poetikon-ASP-to-Static-2025-1/poetikon.no/noveller/noveller/solensstraaler.html
  href: noveller/treklipp.html
  resolved: /Users/morten.skogly/Dropbox/Projects/Poetikon-ASP-to-Static-2025-1/poetikon.no/noveller/noveller/treklipp.html
  href: noveller/megogdeandre.html
  resolved: /Users/morten.skogly/Dropbox/Projects/Poetikon-ASP-to-Static-2025-1/poetikon.no/noveller/noveller/megogdeandre.html
  href: noveller/paraplytanker.html
  resolved: /Users/morten.skogly/Dropbox/Projects/Poetikon-ASP-to-Static-2025-1/poetikon.no/noveller/noveller/paraplytanker.html
  href: noveller/arkeologi.html
  resolved: /Users/morten.skogly/Dropbox/Projects/Poetikon-ASP-to-Static-2025-1/poetikon.no/noveller/noveller/arkeologi.html
  href: noveller/tidenisannheten.html
  resolved: /Users/morten.skogly/Dropbox/Projects/Poetikon-ASP-to-Static-2025-1/poetikon.no/noveller/noveller/tidenisannheten.html
  href: noveller/nattevake.html
  resolved: /Users/morten.skogly/Dropbox/Projects/Poetikon-ASP-to-Static-2025-1/poetikon.no/noveller/noveller/nattevake.html
  href: noveller/allotria.asp
  resolved: /Users/morten.skogly/Dropbox/Projects/Poetikon-ASP-to-Static-2025-1/poetikon.no/noveller/noveller/allotria.asp
  href: noveller/christinajenssen01.asp
  resolved: /Users/morten.skogly/Dropbox/Projects/Poetikon-ASP-to-Static-2025-1/poetikon.no/noveller/noveller/christinajenssen01.asp
  href: noveller/marinymoen_paadenandresidenavdeg.asp
  resolved: /Users/morten.skogly/Dropbox/Projects/Poetikon-ASP-to-Static-2025-1/poetikon.no/noveller/noveller/marinymoen_paadenandresidenavdeg.asp
  href: noveller/ensomthjerte1.asp
  resolved: /Users/morten.skogly/Dropbox/Projects/Poetikon-ASP-to-Static-2025-1/poetikon.no/noveller/noveller/ensomthjerte1.asp
  href: asp/01.asp
  resolved: /Users/morten.skogly/Dropbox/Projects/Poetikon-ASP-to-Static-2025-1/poetikon.no/noveller/asp/01.asp
  href: noveller/etlitestykketid.html
  resolved: /Users/morten.skogly/Dropbox/Projects/Poetikon-ASP-to-Static-2025-1/poetikon.no/noveller/noveller/etlitestykketid.html
  href: noveller/enduftavblomster.html
  resolved: /Users/morten.skogly/Dropbox/Projects/Poetikon-ASP-to-Static-2025-1/poetikon.no/noveller/noveller/enduftavblomster.html
  href: noveller/vinduet.html
  resolved: /Users/morten.skogly/Dropbox/Projects/Poetikon-ASP-to-Static-2025-1/poetikon.no/noveller/noveller/vinduet.html
  href: noveller/christopher.html
  resolved: /Users/morten.skogly/Dropbox/Projects/Poetikon-ASP-to-Static-2025-1/poetikon.no/noveller/noveller/christopher.html
  href: ./tristessa/novellecode.html
  resolved: /Users/morten.skogly/Dropbox/Projects/Poetikon-ASP-to-Static-2025-1/poetikon.no/noveller/tristessa/novellecode.html
  href: noveller/skagen.html
  resolved: /Users/morten.skogly/Dropbox/Projects/Poetikon-ASP-to-Static-2025-1/poetikon.no/noveller/noveller/skagen.html
  href: noveller/omvei.html
  resolved: /Users/morten.skogly/Dropbox/Projects/Poetikon-ASP-to-Static-2025-1/poetikon.no/noveller/noveller/omvei.html
  href: noveller/under_roten.html
  resolved: /Users/morten.skogly/Dropbox/Projects/Poetikon-ASP-to-Static-2025-1/poetikon.no/noveller/noveller/under_roten.html

noveller/omvei.html
  href: ../noveller2.html
  resolved: /Users/morten.skogly/Dropbox/Projects/Poetikon-ASP-to-Static-2025-1/poetikon.no/noveller2.html

noveller/paraplytanker.html
  href: ../noveller2.html
  resolved: /Users/morten.skogly/Dropbox/Projects/Poetikon-ASP-to-Static-2025-1/poetikon.no/noveller2.html

noveller/skagen.html
  href: ../noveller2.html
  resolved: /Users/morten.skogly/Dropbox/Projects/Poetikon-ASP-to-Static-2025-1/poetikon.no/noveller2.html

noveller/skipper.html
  href: april.css
  resolved: /Users/morten.skogly/Dropbox/Projects/Poetikon-ASP-to-Static-2025-1/poetikon.no/noveller/april.css

noveller/solensstraaler.bk.html
  href: ../noveller2.html
  resolved: /Users/morten.skogly/Dropbox/Projects/Poetikon-ASP-to-Static-2025-1/poetikon.no/noveller2.html

noveller/solensstraaler.html
  href: ../noveller2.html
  resolved: /Users/morten.skogly/Dropbox/Projects/Poetikon-ASP-to-Static-2025-1/poetikon.no/noveller2.html

noveller/tidenisannheten.html
  href: ../noveller2.html
  resolved: /Users/morten.skogly/Dropbox/Projects/Poetikon-ASP-to-Static-2025-1/poetikon.no/noveller2.html

noveller/treklipp.html
  href: ../noveller2.html
  resolved: /Users/morten.skogly/Dropbox/Projects/Poetikon-ASP-to-Static-2025-1/poetikon.no/noveller2.html

noveller/under_roten.html
  href: ../noveller2.html
  resolved: /Users/morten.skogly/Dropbox/Projects/Poetikon-ASP-to-Static-2025-1/poetikon.no/noveller2.html

noveller/vinduet.html
  href: ../noveller2.html
  resolved: /Users/morten.skogly/Dropbox/Projects/Poetikon-ASP-to-Static-2025-1/poetikon.no/noveller2.html

noveller2.bak.html
  href: noveller/skisse1.html
  resolved: /Users/morten.skogly/Dropbox/Projects/Poetikon-ASP-to-Static-2025-1/poetikon.no/noveller/skisse1.html
  href: asp/01.asp
  resolved: /Users/morten.skogly/Dropbox/Projects/Poetikon-ASP-to-Static-2025-1/poetikon.no/asp/01.asp
  href: noveller/hjertesoldat.html
  resolved: /Users/morten.skogly/Dropbox/Projects/Poetikon-ASP-to-Static-2025-1/poetikon.no/noveller/hjertesoldat.html
  href: noveller/entreprenoren.html
  resolved: /Users/morten.skogly/Dropbox/Projects/Poetikon-ASP-to-Static-2025-1/poetikon.no/noveller/entreprenoren.html
  href: noveller/ingenting.html
  resolved: /Users/morten.skogly/Dropbox/Projects/Poetikon-ASP-to-Static-2025-1/poetikon.no/noveller/ingenting.html
  href: ./tristessa/novellecode.html
  resolved: /Users/morten.skogly/Dropbox/Projects/Poetikon-ASP-to-Static-2025-1/poetikon.no/tristessa/novellecode.html

november/01.html
  href: ../poetikon/lyd/elingaard/2_6.ram
  resolved: /Users/morten.skogly/Dropbox/Projects/Poetikon-ASP-to-Static-2025-1/poetikon.no/poetikon/lyd/elingaard/2_6.ram
  href: ../poetikon/lyd/elingaard/2_2.ram
  resolved: /Users/morten.skogly/Dropbox/Projects/Poetikon-ASP-to-Static-2025-1/poetikon.no/poetikon/lyd/elingaard/2_2.ram
  href: ../poetikon/lyd/elingaard/2_3.ram
  resolved: /Users/morten.skogly/Dropbox/Projects/Poetikon-ASP-to-Static-2025-1/poetikon.no/poetikon/lyd/elingaard/2_3.ram
  href: ../poetikon/lyd/elingaard/2_4.ram
  resolved: /Users/morten.skogly/Dropbox/Projects/Poetikon-ASP-to-Static-2025-1/poetikon.no/poetikon/lyd/elingaard/2_4.ram
  href: ../poetikon/lyd/elingaard/2_5.ram
  resolved: /Users/morten.skogly/Dropbox/Projects/Poetikon-ASP-to-Static-2025-1/poetikon.no/poetikon/lyd/elingaard/2_5.ram
  href: ../poetikon/lyd/elingaard/2_1.ram
  resolved: /Users/morten.skogly/Dropbox/Projects/Poetikon-ASP-to-Static-2025-1/poetikon.no/poetikon/lyd/elingaard/2_1.ram

november/05.html
  href: papermoon.ram
  resolved: /Users/morten.skogly/Dropbox/Projects/Poetikon-ASP-to-Static-2025-1/poetikon.no/november/papermoon.ram

november/14.html
  href: ../tristessa/novellecode.html
  resolved: /Users/morten.skogly/Dropbox/Projects/Poetikon-ASP-to-Static-2025-1/poetikon.no/tristessa/novellecode.html

november/46.html
  href: ../etnullnynner/index.htm
  resolved: /Users/morten.skogly/Dropbox/Projects/Poetikon-ASP-to-Static-2025-1/poetikon.no/etnullnynner/index.htm

november/52.html
  href: ../dengalemannenogsola/splash.html
  resolved: /Users/morten.skogly/Dropbox/Projects/Poetikon-ASP-to-Static-2025-1/poetikon.no/dengalemannenogsola/splash.html

november/img/66.html
  href: 01.html
  resolved: /Users/morten.skogly/Dropbox/Projects/Poetikon-ASP-to-Static-2025-1/poetikon.no/november/img/01.html
  href: oversikt.html#66
  resolved: /Users/morten.skogly/Dropbox/Projects/Poetikon-ASP-to-Static-2025-1/poetikon.no/november/img/oversikt.html
  href: 65.html
  resolved: /Users/morten.skogly/Dropbox/Projects/Poetikon-ASP-to-Static-2025-1/poetikon.no/november/img/65.html

november/img/70_01.html
  href: november.css
  resolved: /Users/morten.skogly/Dropbox/Projects/Poetikon-ASP-to-Static-2025-1/poetikon.no/november/img/november.css
  href: 01.html
  resolved: /Users/morten.skogly/Dropbox/Projects/Poetikon-ASP-to-Static-2025-1/poetikon.no/november/img/01.html
  href: oversikt.html#70
  resolved: /Users/morten.skogly/Dropbox/Projects/Poetikon-ASP-to-Static-2025-1/poetikon.no/november/img/oversikt.html
  href: 69.html
  resolved: /Users/morten.skogly/Dropbox/Projects/Poetikon-ASP-to-Static-2025-1/poetikon.no/november/img/69.html
  href: 70.html
  resolved: /Users/morten.skogly/Dropbox/Projects/Poetikon-ASP-to-Static-2025-1/poetikon.no/november/img/70.html

november/img/70_02.html
  href: november.css
  resolved: /Users/morten.skogly/Dropbox/Projects/Poetikon-ASP-to-Static-2025-1/poetikon.no/november/img/november.css
  href: 01.html
  resolved: /Users/morten.skogly/Dropbox/Projects/Poetikon-ASP-to-Static-2025-1/poetikon.no/november/img/01.html
  href: oversikt.html#70
  resolved: /Users/morten.skogly/Dropbox/Projects/Poetikon-ASP-to-Static-2025-1/poetikon.no/november/img/oversikt.html
  href: 69.html
  resolved: /Users/morten.skogly/Dropbox/Projects/Poetikon-ASP-to-Static-2025-1/poetikon.no/november/img/69.html

november/img/70_03.html
  href: november.css
  resolved: /Users/morten.skogly/Dropbox/Projects/Poetikon-ASP-to-Static-2025-1/poetikon.no/november/img/november.css
  href: 01.html
  resolved: /Users/morten.skogly/Dropbox/Projects/Poetikon-ASP-to-Static-2025-1/poetikon.no/november/img/01.html
  href: oversikt.html#70
  resolved: /Users/morten.skogly/Dropbox/Projects/Poetikon-ASP-to-Static-2025-1/poetikon.no/november/img/oversikt.html
  href: 69.html
  resolved: /Users/morten.skogly/Dropbox/Projects/Poetikon-ASP-to-Static-2025-1/poetikon.no/november/img/69.html

november/skulpturskisser/01.html
  href: ../index.css
  resolved: /Users/morten.skogly/Dropbox/Projects/Poetikon-ASP-to-Static-2025-1/poetikon.no/november/index.css

november/skulpturskisser/02.html
  href: ../index.css
  resolved: /Users/morten.skogly/Dropbox/Projects/Poetikon-ASP-to-Static-2025-1/poetikon.no/november/index.css

november/skulpturskisser/03.html
  href: ../index.css
  resolved: /Users/morten.skogly/Dropbox/Projects/Poetikon-ASP-to-Static-2025-1/poetikon.no/november/index.css

november/skulpturskisser/04.html
  href: ../index.css
  resolved: /Users/morten.skogly/Dropbox/Projects/Poetikon-ASP-to-Static-2025-1/poetikon.no/november/index.css

omvei/omveiscript.htm
  href: ../is/michael/
  resolved: /Users/morten.skogly/Dropbox/Projects/Poetikon-ASP-to-Static-2025-1/poetikon.no/is/michael
  href: post/
  resolved: /Users/morten.skogly/Dropbox/Projects/Poetikon-ASP-to-Static-2025-1/poetikon.no/omvei/post

palm/historier/index.html
  href: ../skisse2.html
  resolved: /Users/morten.skogly/Dropbox/Projects/Poetikon-ASP-to-Static-2025-1/poetikon.no/palm/skisse2.html
  href: ../skisse3.html
  resolved: /Users/morten.skogly/Dropbox/Projects/Poetikon-ASP-to-Static-2025-1/poetikon.no/palm/skisse3.html
  href: ../skisse4.html
  resolved: /Users/morten.skogly/Dropbox/Projects/Poetikon-ASP-to-Static-2025-1/poetikon.no/palm/skisse4.html

palm/index2.html
  href: 2001_05_20_index2.html
  resolved: /Users/morten.skogly/Dropbox/Projects/Poetikon-ASP-to-Static-2025-1/poetikon.no/palm/2001_05_20_index2.html

pixelpeople.html
  href: noveller2.html
  resolved: /Users/morten.skogly/Dropbox/Projects/Poetikon-ASP-to-Static-2025-1/poetikon.no/noveller2.html

plirk/improvisasjoner.html
  href: ../poetikon/lyd/elingaard/2_6.ram
  resolved: /Users/morten.skogly/Dropbox/Projects/Poetikon-ASP-to-Static-2025-1/poetikon.no/poetikon/lyd/elingaard/2_6.ram
  href: ../poetikon/lyd/elingaard/2_2.ram
  resolved: /Users/morten.skogly/Dropbox/Projects/Poetikon-ASP-to-Static-2025-1/poetikon.no/poetikon/lyd/elingaard/2_2.ram
  href: ../poetikon/lyd/elingaard/2_3.ram
  resolved: /Users/morten.skogly/Dropbox/Projects/Poetikon-ASP-to-Static-2025-1/poetikon.no/poetikon/lyd/elingaard/2_3.ram
  href: ../poetikon/lyd/elingaard/2_4.ram
  resolved: /Users/morten.skogly/Dropbox/Projects/Poetikon-ASP-to-Static-2025-1/poetikon.no/poetikon/lyd/elingaard/2_4.ram
  href: ../poetikon/lyd/elingaard/2_5.ram
  resolved: /Users/morten.skogly/Dropbox/Projects/Poetikon-ASP-to-Static-2025-1/poetikon.no/poetikon/lyd/elingaard/2_5.ram
  href: ../poetikon/lyd/elingaard/2_1.ram
  resolved: /Users/morten.skogly/Dropbox/Projects/Poetikon-ASP-to-Static-2025-1/poetikon.no/poetikon/lyd/elingaard/2_1.ram

plirk/piano.html
  href: moo.html
  resolved: /Users/morten.skogly/Dropbox/Projects/Poetikon-ASP-to-Static-2025-1/poetikon.no/plirk/moo.html
  href: moo.html
  resolved: /Users/morten.skogly/Dropbox/Projects/Poetikon-ASP-to-Static-2025-1/poetikon.no/plirk/moo.html

plirk/toys.html
  href:  http://home.no.net/mskogly/elinor/neseblod.swf
  resolved: /Users/morten.skogly/Dropbox/Projects/Poetikon-ASP-to-Static-2025-1/poetikon.no/plirk/ http:/home.no.net/mskogly/elinor/neseblod.swf

plirk/video_kontrabass.html
  href: moo.html
  resolved: /Users/morten.skogly/Dropbox/Projects/Poetikon-ASP-to-Static-2025-1/poetikon.no/plirk/moo.html
  href: moo.html
  resolved: /Users/morten.skogly/Dropbox/Projects/Poetikon-ASP-to-Static-2025-1/poetikon.no/plirk/moo.html

poet/antologier.html
  href: ./default.asp
  resolved: /Users/morten.skogly/Dropbox/Projects/Poetikon-ASP-to-Static-2025-1/poetikon.no/poet/default.asp
  href: x.html
  resolved: /Users/morten.skogly/Dropbox/Projects/Poetikon-ASP-to-Static-2025-1/poetikon.no/poet/x.html
  href: pixelpeople
  resolved: /Users/morten.skogly/Dropbox/Projects/Poetikon-ASP-to-Static-2025-1/poetikon.no/poet/pixelpeople
  href: pixelpeople
  resolved: /Users/morten.skogly/Dropbox/Projects/Poetikon-ASP-to-Static-2025-1/poetikon.no/poet/pixelpeople
  href: asp/antologier/banan.asp
  resolved: /Users/morten.skogly/Dropbox/Projects/Poetikon-ASP-to-Static-2025-1/poetikon.no/poet/asp/antologier/banan.asp
  href: pixelpeople
  resolved: /Users/morten.skogly/Dropbox/Projects/Poetikon-ASP-to-Static-2025-1/poetikon.no/poet/pixelpeople

poet/beritnordgarden.html
  href: ../noveller/ingenting.html
  resolved: /Users/morten.skogly/Dropbox/Projects/Poetikon-ASP-to-Static-2025-1/poetikon.no/noveller/ingenting.html
  href: ../noveller/entreprenoren.html
  resolved: /Users/morten.skogly/Dropbox/Projects/Poetikon-ASP-to-Static-2025-1/poetikon.no/noveller/entreprenoren.html

poet/bobledyr/bottom.html
  href: what.html
  resolved: /Users/morten.skogly/Dropbox/Projects/Poetikon-ASP-to-Static-2025-1/poetikon.no/poet/bobledyr/what.html

poet/guttormandreasen.html
  href: ../lyd/andreasen/01.mp3
  resolved: /Users/morten.skogly/Dropbox/Projects/Poetikon-ASP-to-Static-2025-1/poetikon.no/lyd/andreasen/01.mp3
  href: ../lyd/andreasen/02.mp3
  resolved: /Users/morten.skogly/Dropbox/Projects/Poetikon-ASP-to-Static-2025-1/poetikon.no/lyd/andreasen/02.mp3
  href: ../lyd/andreasen/05.mp3
  resolved: /Users/morten.skogly/Dropbox/Projects/Poetikon-ASP-to-Static-2025-1/poetikon.no/lyd/andreasen/05.mp3
  href: ../lyd/andreasen/06.mp3
  resolved: /Users/morten.skogly/Dropbox/Projects/Poetikon-ASP-to-Static-2025-1/poetikon.no/lyd/andreasen/06.mp3
  href: ../lyd/andreasen/08.mp3
  resolved: /Users/morten.skogly/Dropbox/Projects/Poetikon-ASP-to-Static-2025-1/poetikon.no/lyd/andreasen/08.mp3
  href: ../lyd/andreasen/12.mp3
  resolved: /Users/morten.skogly/Dropbox/Projects/Poetikon-ASP-to-Static-2025-1/poetikon.no/lyd/andreasen/12.mp3

poet/kart.html
  href: omvei/novelle.htm
  resolved: /Users/morten.skogly/Dropbox/Projects/Poetikon-ASP-to-Static-2025-1/poetikon.no/poet/omvei/novelle.htm

poet/main.html
  href: ../etnullnynner/index.htm
  resolved: /Users/morten.skogly/Dropbox/Projects/Poetikon-ASP-to-Static-2025-1/poetikon.no/etnullnynner/index.htm

poet/marina/poesi.html
  href: etnullnynner/index.htm
  resolved: /Users/morten.skogly/Dropbox/Projects/Poetikon-ASP-to-Static-2025-1/poetikon.no/poet/marina/etnullnynner/index.htm
  href: poet/sigrid/index.html
  resolved: /Users/morten.skogly/Dropbox/Projects/Poetikon-ASP-to-Static-2025-1/poetikon.no/poet/marina/poet/sigrid/index.html
  href: diktilayers/index.html
  resolved: /Users/morten.skogly/Dropbox/Projects/Poetikon-ASP-to-Static-2025-1/poetikon.no/poet/marina/diktilayers/index.html
  href: poet/silje/index.html
  resolved: /Users/morten.skogly/Dropbox/Projects/Poetikon-ASP-to-Static-2025-1/poetikon.no/poet/marina/poet/silje/index.html

poet/meny.bk.html
  href: arkiv.html
  resolved: /Users/morten.skogly/Dropbox/Projects/Poetikon-ASP-to-Static-2025-1/poetikon.no/poet/arkiv.html

poet/meny.html
  href: ../etnullnynner/index.htm
  resolved: /Users/morten.skogly/Dropbox/Projects/Poetikon-ASP-to-Static-2025-1/poetikon.no/etnullnynner/index.htm

poet/nyindex.html
  href: ./poesimeny.html
  resolved: /Users/morten.skogly/Dropbox/Projects/Poetikon-ASP-to-Static-2025-1/poetikon.no/poet/poesimeny.html

poet/sigrid/eng/california pa engelsk.htm
  href: ../poesi.htm
  resolved: /Users/morten.skogly/Dropbox/Projects/Poetikon-ASP-to-Static-2025-1/poetikon.no/poet/sigrid/poesi.htm
  href: ../poesi.htm
  resolved: /Users/morten.skogly/Dropbox/Projects/Poetikon-ASP-to-Static-2025-1/poetikon.no/poet/sigrid/poesi.htm
  href: sig17.htm
  resolved: /Users/morten.skogly/Dropbox/Projects/Poetikon-ASP-to-Static-2025-1/poetikon.no/poet/sigrid/eng/sig17.htm

poet/sigrid/eng/passion pa engelsk.htm
  href: ../poesi.htm
  resolved: /Users/morten.skogly/Dropbox/Projects/Poetikon-ASP-to-Static-2025-1/poetikon.no/poet/sigrid/poesi.htm
  href: ../poesi.htm
  resolved: /Users/morten.skogly/Dropbox/Projects/Poetikon-ASP-to-Static-2025-1/poetikon.no/poet/sigrid/poesi.htm
  href: sig19.htm
  resolved: /Users/morten.skogly/Dropbox/Projects/Poetikon-ASP-to-Static-2025-1/poetikon.no/poet/sigrid/eng/sig19.htm

poet/sigrid/novelle1.htm
  href: ../poesi.htm
  resolved: /Users/morten.skogly/Dropbox/Projects/Poetikon-ASP-to-Static-2025-1/poetikon.no/poet/poesi.htm
  href: sig2.htm
  resolved: /Users/morten.skogly/Dropbox/Projects/Poetikon-ASP-to-Static-2025-1/poetikon.no/poet/sigrid/sig2.htm

poet/sigrid/novelle2.htm
  href: ../poesi.htm
  resolved: /Users/morten.skogly/Dropbox/Projects/Poetikon-ASP-to-Static-2025-1/poetikon.no/poet/poesi.htm
  href: ../poesi.htm
  resolved: /Users/morten.skogly/Dropbox/Projects/Poetikon-ASP-to-Static-2025-1/poetikon.no/poet/poesi.htm
  href: sig6.htm
  resolved: /Users/morten.skogly/Dropbox/Projects/Poetikon-ASP-to-Static-2025-1/poetikon.no/poet/sigrid/sig6.htm

poet/sigrid/novelle3.htm
  href: ../poesi.htm
  resolved: /Users/morten.skogly/Dropbox/Projects/Poetikon-ASP-to-Static-2025-1/poetikon.no/poet/poesi.htm
  href: ../poesi.htm
  resolved: /Users/morten.skogly/Dropbox/Projects/Poetikon-ASP-to-Static-2025-1/poetikon.no/poet/poesi.htm
  href: sig1.htm
  resolved: /Users/morten.skogly/Dropbox/Projects/Poetikon-ASP-to-Static-2025-1/poetikon.no/poet/sigrid/sig1.htm

poet/silje/antol.htm
  href: ../poesi.htm
  resolved: /Users/morten.skogly/Dropbox/Projects/Poetikon-ASP-to-Static-2025-1/poetikon.no/poet/poesi.htm

poet/silje/film.htm
  href: ../poesi.htm
  resolved: /Users/morten.skogly/Dropbox/Projects/Poetikon-ASP-to-Static-2025-1/poetikon.no/poet/poesi.htm
  href: ../poesi.htm
  resolved: /Users/morten.skogly/Dropbox/Projects/Poetikon-ASP-to-Static-2025-1/poetikon.no/poet/poesi.htm

poet/silje/histo.htm
  href: ../../index.htm
  resolved: /Users/morten.skogly/Dropbox/Projects/Poetikon-ASP-to-Static-2025-1/poetikon.no/index.htm

poet/silje/mal.htm
  href: ../poesi.htm
  resolved: /Users/morten.skogly/Dropbox/Projects/Poetikon-ASP-to-Static-2025-1/poetikon.no/poet/poesi.htm
  href: ../poesi.htm
  resolved: /Users/morten.skogly/Dropbox/Projects/Poetikon-ASP-to-Static-2025-1/poetikon.no/poet/poesi.htm
  href: sildre.htm
  resolved: /Users/morten.skogly/Dropbox/Projects/Poetikon-ASP-to-Static-2025-1/poetikon.no/poet/silje/sildre.htm

poet/silje/novelle.htm
  href: ../../index.htm
  resolved: /Users/morten.skogly/Dropbox/Projects/Poetikon-ASP-to-Static-2025-1/poetikon.no/index.htm

sandberg/skisse1.html
  href: april.css
  resolved: /Users/morten.skogly/Dropbox/Projects/Poetikon-ASP-to-Static-2025-1/poetikon.no/sandberg/april.css
  href: ../noveller2.html
  resolved: /Users/morten.skogly/Dropbox/Projects/Poetikon-ASP-to-Static-2025-1/poetikon.no/noveller2.html

sandberg/skisse2.html
  href: april.css
  resolved: /Users/morten.skogly/Dropbox/Projects/Poetikon-ASP-to-Static-2025-1/poetikon.no/sandberg/april.css
  href: ../noveller2.html
  resolved: /Users/morten.skogly/Dropbox/Projects/Poetikon-ASP-to-Static-2025-1/poetikon.no/noveller2.html

sandberg/skisse3.html
  href: april.css
  resolved: /Users/morten.skogly/Dropbox/Projects/Poetikon-ASP-to-Static-2025-1/poetikon.no/sandberg/april.css
  href: ../noveller2.html
  resolved: /Users/morten.skogly/Dropbox/Projects/Poetikon-ASP-to-Static-2025-1/poetikon.no/noveller2.html

sandberg/skisse4.html
  href: april.css
  resolved: /Users/morten.skogly/Dropbox/Projects/Poetikon-ASP-to-Static-2025-1/poetikon.no/sandberg/april.css
  href: ../noveller2.html
  resolved: /Users/morten.skogly/Dropbox/Projects/Poetikon-ASP-to-Static-2025-1/poetikon.no/noveller2.html

sm/m_on.html
  href: bilder/grafikk.html
  resolved: /Users/morten.skogly/Dropbox/Projects/Poetikon-ASP-to-Static-2025-1/poetikon.no/sm/bilder/grafikk.html
  href: bilder/fotografi.html
  resolved: /Users/morten.skogly/Dropbox/Projects/Poetikon-ASP-to-Static-2025-1/poetikon.no/sm/bilder/fotografi.html
  href: bilder.html
  resolved: /Users/morten.skogly/Dropbox/Projects/Poetikon-ASP-to-Static-2025-1/poetikon.no/sm/bilder.html
  href: flash.html
  resolved: /Users/morten.skogly/Dropbox/Projects/Poetikon-ASP-to-Static-2025-1/poetikon.no/sm/flash.html
  href: tekst.html
  resolved: /Users/morten.skogly/Dropbox/Projects/Poetikon-ASP-to-Static-2025-1/poetikon.no/sm/tekst.html
  href: info.html
  resolved: /Users/morten.skogly/Dropbox/Projects/Poetikon-ASP-to-Static-2025-1/poetikon.no/sm/info.html

sm/t/70_01.html
  href: november.css
  resolved: /Users/morten.skogly/Dropbox/Projects/Poetikon-ASP-to-Static-2025-1/poetikon.no/sm/t/november.css
  href: oversikt.html#70
  resolved: /Users/morten.skogly/Dropbox/Projects/Poetikon-ASP-to-Static-2025-1/poetikon.no/sm/t/oversikt.html
  href: 69.html
  resolved: /Users/morten.skogly/Dropbox/Projects/Poetikon-ASP-to-Static-2025-1/poetikon.no/sm/t/69.html
  href: 70.html
  resolved: /Users/morten.skogly/Dropbox/Projects/Poetikon-ASP-to-Static-2025-1/poetikon.no/sm/t/70.html

sm/t/70_02.html
  href: november.css
  resolved: /Users/morten.skogly/Dropbox/Projects/Poetikon-ASP-to-Static-2025-1/poetikon.no/sm/t/november.css
  href: oversikt.html#70
  resolved: /Users/morten.skogly/Dropbox/Projects/Poetikon-ASP-to-Static-2025-1/poetikon.no/sm/t/oversikt.html
  href: 69.html
  resolved: /Users/morten.skogly/Dropbox/Projects/Poetikon-ASP-to-Static-2025-1/poetikon.no/sm/t/69.html

sm/t/70_03.html
  href: november.css
  resolved: /Users/morten.skogly/Dropbox/Projects/Poetikon-ASP-to-Static-2025-1/poetikon.no/sm/t/november.css
  href: oversikt.html#70
  resolved: /Users/morten.skogly/Dropbox/Projects/Poetikon-ASP-to-Static-2025-1/poetikon.no/sm/t/oversikt.html
  href: 69.html
  resolved: /Users/morten.skogly/Dropbox/Projects/Poetikon-ASP-to-Static-2025-1/poetikon.no/sm/t/69.html

smallthings/dikt/001.html
  href: ../css.css
  resolved: /Users/morten.skogly/Dropbox/Projects/Poetikon-ASP-to-Static-2025-1/poetikon.no/smallthings/css.css

smallthings/dikt/002.html
  href: ../css.css
  resolved: /Users/morten.skogly/Dropbox/Projects/Poetikon-ASP-to-Static-2025-1/poetikon.no/smallthings/css.css

smallthings/dikt/003.html
  href: ../css.css
  resolved: /Users/morten.skogly/Dropbox/Projects/Poetikon-ASP-to-Static-2025-1/poetikon.no/smallthings/css.css

smallthings/dikt/004.html
  href: ../css.css
  resolved: /Users/morten.skogly/Dropbox/Projects/Poetikon-ASP-to-Static-2025-1/poetikon.no/smallthings/css.css

smallthings/dikt/005.html
  href: ../css.css
  resolved: /Users/morten.skogly/Dropbox/Projects/Poetikon-ASP-to-Static-2025-1/poetikon.no/smallthings/css.css

smallthings/dikt/006.html
  href: ../css.css
  resolved: /Users/morten.skogly/Dropbox/Projects/Poetikon-ASP-to-Static-2025-1/poetikon.no/smallthings/css.css

smallthings/dikt/007.html
  href: ../css.css
  resolved: /Users/morten.skogly/Dropbox/Projects/Poetikon-ASP-to-Static-2025-1/poetikon.no/smallthings/css.css

smallthings/dikt/008.html
  href: ../css.css
  resolved: /Users/morten.skogly/Dropbox/Projects/Poetikon-ASP-to-Static-2025-1/poetikon.no/smallthings/css.css

smallthings/dikt/009.html
  href: ../css.css
  resolved: /Users/morten.skogly/Dropbox/Projects/Poetikon-ASP-to-Static-2025-1/poetikon.no/smallthings/css.css

smallthings/index.html
  href: stein.html
  resolved: /Users/morten.skogly/Dropbox/Projects/Poetikon-ASP-to-Static-2025-1/poetikon.no/smallthings/stein.html

temp/ajax/php/form.html
  href: ../../../blog/wforms/wforms.css
  resolved: /Users/morten.skogly/Dropbox/Projects/Poetikon-ASP-to-Static-2025-1/poetikon.no/blog/wforms/wforms.css
  href: style1.css
  resolved: /Users/morten.skogly/Dropbox/Projects/Poetikon-ASP-to-Static-2025-1/poetikon.no/temp/ajax/php/style1.css
  href: ../../../blog/styles-site.css
  resolved: /Users/morten.skogly/Dropbox/Projects/Poetikon-ASP-to-Static-2025-1/poetikon.no/blog/styles-site.css
  href: ../../../blog/home.html
  resolved: /Users/morten.skogly/Dropbox/Projects/Poetikon-ASP-to-Static-2025-1/poetikon.no/blog/home.html
  href: ../../../blog/index.html
  resolved: /Users/morten.skogly/Dropbox/Projects/Poetikon-ASP-to-Static-2025-1/poetikon.no/blog/index.html
  href: ../../../gallery2/main.php
  resolved: /Users/morten.skogly/Dropbox/Projects/Poetikon-ASP-to-Static-2025-1/poetikon.no/gallery2/main.php
  href: ../../../blog/portfolio.html
  resolved: /Users/morten.skogly/Dropbox/Projects/Poetikon-ASP-to-Static-2025-1/poetikon.no/blog/portfolio.html
  href: ../../../blog/projects.html
  resolved: /Users/morten.skogly/Dropbox/Projects/Poetikon-ASP-to-Static-2025-1/poetikon.no/blog/projects.html

tralala/hurra2.html
  href: lyd
  resolved: /Users/morten.skogly/Dropbox/Projects/Poetikon-ASP-to-Static-2025-1/poetikon.no/tralala/lyd

tristessa-old/tristessa.html
  href: shistorie/index.html
  resolved: /Users/morten.skogly/Dropbox/Projects/Poetikon-ASP-to-Static-2025-1/poetikon.no/tristessa-old/shistorie/index.html

video.html
  href: plirk/real/live.ram
  resolved: /Users/morten.skogly/Dropbox/Projects/Poetikon-ASP-to-Static-2025-1/poetikon.no/plirk/real/live.ram
