topp.html
m.htm
bunnmeny.html
kronos.html
meny2025.html
random-flash.html
random-flash.js
topp2.html
video/videospiller3.html
video/videospiller2.html
temp/ajax/php/form.html
junkdrawer/meny.html
junkdrawer/flash.html
plirk/toys.html
plirk/flash/celloogkontrabass.html
grey/flash.html
hjertesmerte/meny.html
flash/henter.html
flash/flashtest.html
flash/bokstavlek.html
flash/neseblod.html
flash/flash-player.html
flash/fogcrows.html
flash/bezier/cubic_bezier_simple_demo.html
desember/03.html
desember/desember2.html
natten/forsiden.html
natten/meny.html
november/54.html
november/38.html
november/53.html
november/neseblod.html
honning/flash.html
honning/flashmeny.html
september/lemonde.html
